Started GET "/" for 127.0.0.1 at 2017-09-07 11:20:07 -0400
Processing by Rails::WelcomeController#index as HTML
  Rendering /Users/brittencreasor/.rvm/gems/ruby-2.4.0/gems/railties-5.1.3/lib/rails/templates/rails/welcome/index.html.erb
  Rendered /Users/brittencreasor/.rvm/gems/ruby-2.4.0/gems/railties-5.1.3/lib/rails/templates/rails/welcome/index.html.erb (17.2ms)
Completed 200 OK in 1106ms (Views: 53.3ms)


Started GET "/" for 127.0.0.1 at 2017-09-07 11:25:59 -0400
Processing by WelcomeController#index as HTML
  Rendering welcome/index.html.erb within layouts/application
  Rendered welcome/index.html.erb within layouts/application (3.9ms)
Completed 200 OK in 7417ms (Views: 5479.4ms)


Started GET "/" for 127.0.0.1 at 2017-09-07 11:39:14 -0400
Processing by WelcomeController#index as HTML
  Rendering welcome/index.html.erb within layouts/application
  Rendered welcome/index.html.erb within layouts/application (2.7ms)
Completed 200 OK in 2168ms (Views: 1170.5ms)


Started GET "/articles/new" for 127.0.0.1 at 2017-09-07 11:39:31 -0400
Processing by ArticlesController#new as HTML
  Rendering articles/new.html.erb within layouts/application
  Rendered articles/new.html.erb within layouts/application (57.0ms)
Completed 200 OK in 147ms (Views: 140.1ms)


Started GET "/articles/new" for 127.0.0.1 at 2017-09-07 11:54:11 -0400
  
ActiveRecord::PendingMigrationError (

Migrations are pending. To resolve this issue, run:

        bin/rails db:migrate RAILS_ENV=development

):
  
activerecord (5.1.3) lib/active_record/migration.rb:576:in `check_pending!'
activerecord (5.1.3) lib/active_record/migration.rb:553:in `call'
actionpack (5.1.3) lib/action_dispatch/middleware/callbacks.rb:26:in `block in call'
activesupport (5.1.3) lib/active_support/callbacks.rb:97:in `run_callbacks'
actionpack (5.1.3) lib/action_dispatch/middleware/callbacks.rb:24:in `call'
actionpack (5.1.3) lib/action_dispatch/middleware/executor.rb:12:in `call'
actionpack (5.1.3) lib/action_dispatch/middleware/debug_exceptions.rb:59:in `call'
web-console (3.5.1) lib/web_console/middleware.rb:135:in `call_app'
web-console (3.5.1) lib/web_console/middleware.rb:28:in `block in call'
web-console (3.5.1) lib/web_console/middleware.rb:18:in `catch'
web-console (3.5.1) lib/web_console/middleware.rb:18:in `call'
actionpack (5.1.3) lib/action_dispatch/middleware/show_exceptions.rb:31:in `call'
railties (5.1.3) lib/rails/rack/logger.rb:36:in `call_app'
railties (5.1.3) lib/rails/rack/logger.rb:24:in `block in call'
activesupport (5.1.3) lib/active_support/tagged_logging.rb:69:in `block in tagged'
activesupport (5.1.3) lib/active_support/tagged_logging.rb:26:in `tagged'
activesupport (5.1.3) lib/active_support/tagged_logging.rb:69:in `tagged'
railties (5.1.3) lib/rails/rack/logger.rb:24:in `call'
sprockets-rails (3.2.1) lib/sprockets/rails/quiet_assets.rb:13:in `call'
actionpack (5.1.3) lib/action_dispatch/middleware/remote_ip.rb:79:in `call'
actionpack (5.1.3) lib/action_dispatch/middleware/request_id.rb:25:in `call'
rack (2.0.3) lib/rack/method_override.rb:22:in `call'
rack (2.0.3) lib/rack/runtime.rb:22:in `call'
activesupport (5.1.3) lib/active_support/cache/strategy/local_cache_middleware.rb:27:in `call'
actionpack (5.1.3) lib/action_dispatch/middleware/executor.rb:12:in `call'
actionpack (5.1.3) lib/action_dispatch/middleware/static.rb:125:in `call'
rack (2.0.3) lib/rack/sendfile.rb:111:in `call'
railties (5.1.3) lib/rails/engine.rb:522:in `call'
puma (3.10.0) lib/puma/configuration.rb:225:in `call'
puma (3.10.0) lib/puma/server.rb:605:in `handle_request'
puma (3.10.0) lib/puma/server.rb:437:in `process_client'
puma (3.10.0) lib/puma/server.rb:301:in `block in run'
puma (3.10.0) lib/puma/thread_pool.rb:120:in `block in spawn_thread'
  [1m[35m (0.8ms)[0m  [1m[34mSELECT sqlite_version(*)[0m
  [1m[35m (5.5ms)[0m  [1m[35mCREATE TABLE "schema_migrations" ("version" varchar NOT NULL PRIMARY KEY)[0m
  [1m[35m (3.1ms)[0m  [1m[35mCREATE TABLE "ar_internal_metadata" ("key" varchar NOT NULL PRIMARY KEY, "value" varchar, "created_at" datetime NOT NULL, "updated_at" datetime NOT NULL)[0m
  [1m[35m (0.4ms)[0m  [1m[34mSELECT "schema_migrations"."version" FROM "schema_migrations" ORDER BY "schema_migrations"."version" ASC[0m
Migrating to CreateArticles (20170907154544)
  [1m[35m (0.1ms)[0m  [1m[36mbegin transaction[0m
  [1m[35m (1.2ms)[0m  [1m[35mCREATE TABLE "articles" ("id" INTEGER PRIMARY KEY AUTOINCREMENT NOT NULL, "title" varchar, "text" text, "created_at" datetime NOT NULL, "updated_at" datetime NOT NULL)[0m
  [1m[35mSQL (0.7ms)[0m  [1m[32mINSERT INTO "schema_migrations" ("version") VALUES (?)[0m  [["version", "20170907154544"]]
  [1m[35m (2.5ms)[0m  [1m[36mcommit transaction[0m
  [1m[36mActiveRecord::InternalMetadata Load (0.3ms)[0m  [1m[34mSELECT  "ar_internal_metadata".* FROM "ar_internal_metadata" WHERE "ar_internal_metadata"."key" = ? LIMIT ?[0m  [["key", "environment"], ["LIMIT", 1]]
  [1m[35m (0.3ms)[0m  [1m[36mbegin transaction[0m
  [1m[35mSQL (3.5ms)[0m  [1m[32mINSERT INTO "ar_internal_metadata" ("key", "value", "created_at", "updated_at") VALUES (?, ?, ?, ?)[0m  [["key", "environment"], ["value", "development"], ["created_at", "2017-09-07 15:55:08.865044"], ["updated_at", "2017-09-07 15:55:08.865044"]]
  [1m[35m (12.3ms)[0m  [1m[36mcommit transaction[0m
  [1m[35m (0.5ms)[0m  [1m[34mSELECT "schema_migrations"."version" FROM "schema_migrations" ORDER BY "schema_migrations"."version" ASC[0m
Started GET "/articles/new" for 127.0.0.1 at 2017-09-07 11:55:31 -0400
  [1m[35m (0.8ms)[0m  [1m[34mSELECT "schema_migrations"."version" FROM "schema_migrations" ORDER BY "schema_migrations"."version" ASC[0m
Processing by ArticlesController#new as HTML
  Rendering articles/new.html.erb within layouts/application
  Rendered articles/new.html.erb within layouts/application (71.7ms)
Completed 200 OK in 1270ms (Views: 1089.2ms | ActiveRecord: 0.0ms)


Started POST "/articles" for 127.0.0.1 at 2017-09-07 11:56:02 -0400
Processing by ArticlesController#create as HTML
  Parameters: {"utf8"=>"✓", "authenticity_token"=>"hfujC1llJ/vU3oXBZ7LB/uqaEULxrI8FJgjFVj/oBvoqmIGUg87enXaUP3WrrWDp8v8cHWqFZFVTNsyhtW1DNg==", "article"=>{"title"=>"Rails is sweet ", "text"=>"It makes doing stuff like this really easy."}, "commit"=>"Save Article"}
  [1m[35m (0.3ms)[0m  [1m[36mbegin transaction[0m
  [1m[35mSQL (17.0ms)[0m  [1m[32mINSERT INTO "articles" ("title", "text", "created_at", "updated_at") VALUES (?, ?, ?, ?)[0m  [["title", "Rails is sweet "], ["text", "It makes doing stuff like this really easy."], ["created_at", "2017-09-07 15:56:02.179805"], ["updated_at", "2017-09-07 15:56:02.179805"]]
  [1m[35m (6.5ms)[0m  [1m[36mcommit transaction[0m
Redirected to http://localhost:3000/articles/1
Completed 302 Found in 114ms (ActiveRecord: 26.8ms)


Started GET "/articles/1" for 127.0.0.1 at 2017-09-07 11:56:02 -0400
Processing by ArticlesController#show as HTML
  Parameters: {"id"=>"1"}
  [1m[36mArticle Load (0.6ms)[0m  [1m[34mSELECT  "articles".* FROM "articles" WHERE "articles"."id" = ? LIMIT ?[0m  [["id", 1], ["LIMIT", 1]]
  Rendering articles/show.html.erb within layouts/application
  Rendered articles/show.html.erb within layouts/application (1.0ms)
Completed 200 OK in 286ms (Views: 205.5ms | ActiveRecord: 0.6ms)


  [1m[35m (0.8ms)[0m  [1m[34mSELECT "schema_migrations"."version" FROM "schema_migrations" ORDER BY "schema_migrations"."version" ASC[0m
Migrating to CreateComments (20170907162046)
  [1m[35m (0.1ms)[0m  [1m[36mbegin transaction[0m
  [1m[35m (1.1ms)[0m  [1m[34mSELECT sqlite_version(*)[0m
  [1m[35m (2.6ms)[0m  [1m[35mCREATE TABLE "comments" ("id" INTEGER PRIMARY KEY AUTOINCREMENT NOT NULL, "commenter" varchar, "body" text, "article_id" integer, "created_at" datetime NOT NULL, "updated_at" datetime NOT NULL, CONSTRAINT "fk_rails_3bf61a60d3"
FOREIGN KEY ("article_id")
  REFERENCES "articles" ("id")
)[0m
  [1m[35m (0.4ms)[0m  [1m[35mCREATE  INDEX "index_comments_on_article_id" ON "comments" ("article_id")[0m
  [1m[35mSQL (1.0ms)[0m  [1m[32mINSERT INTO "schema_migrations" ("version") VALUES (?)[0m  [["version", "20170907162046"]]
  [1m[35m (3.8ms)[0m  [1m[36mcommit transaction[0m
  [1m[36mActiveRecord::InternalMetadata Load (3.4ms)[0m  [1m[34mSELECT  "ar_internal_metadata".* FROM "ar_internal_metadata" WHERE "ar_internal_metadata"."key" = ? LIMIT ?[0m  [["key", "environment"], ["LIMIT", 1]]
  [1m[35m (0.9ms)[0m  [1m[36mbegin transaction[0m
  [1m[35m (0.1ms)[0m  [1m[36mcommit transaction[0m
  [1m[35m (0.4ms)[0m  [1m[34mSELECT "schema_migrations"."version" FROM "schema_migrations" ORDER BY "schema_migrations"."version" ASC[0m
  [1m[35m (0.3ms)[0m  [1m[34m            SELECT sql
            FROM sqlite_master
            WHERE name='index_comments_on_article_id' AND type='index'
            UNION ALL
            SELECT sql
            FROM sqlite_temp_master
            WHERE name='index_comments_on_article_id' AND type='index'
[0m
Started GET "/articles/new" for 127.0.0.1 at 2017-09-07 12:38:48 -0400
  [1m[35m (0.9ms)[0m  [1m[34mSELECT "schema_migrations"."version" FROM "schema_migrations" ORDER BY "schema_migrations"."version" ASC[0m
Processing by ArticlesController#new as HTML
Filter chain halted as #<Proc:0x007f9799324de8@/Users/brittencreasor/.rvm/gems/ruby-2.4.0/gems/actionpack-5.1.3/lib/action_controller/metal/http_authentication.rb:70> rendered or redirected
Completed 401 Unauthorized in 57ms (ActiveRecord: 0.0ms)


Started GET "/articles/new" for 127.0.0.1 at 2017-09-07 12:39:05 -0400
Processing by ArticlesController#new as HTML
Filter chain halted as #<Proc:0x007f9799324de8@/Users/brittencreasor/.rvm/gems/ruby-2.4.0/gems/actionpack-5.1.3/lib/action_controller/metal/http_authentication.rb:70> rendered or redirected
Completed 401 Unauthorized in 5ms (ActiveRecord: 0.0ms)


Started GET "/" for 127.0.0.1 at 2017-09-07 12:39:17 -0400
Processing by WelcomeController#index as HTML
  Rendering welcome/index.html.erb within layouts/application
  Rendered welcome/index.html.erb within layouts/application (35.1ms)
Completed 500 Internal Server Error in 79ms (ActiveRecord: 0.0ms)


  
ActionView::Template::Error (undefined method `each' for nil:NilClass):
    10:     <th colspan="3"></th>
    11:   </tr>
    12: 
    13:   <% @articles.each do |article| %>
    14:     <tr>
    15:       <td><%= article.title %></td>
    16:       <td><%= article.text %></td>
  
app/views/welcome/index.html.erb:13:in `_app_views_welcome_index_html_erb__1234745245297214291_70144543616480'
Started GET "/" for 127.0.0.1 at 2017-09-07 12:48:23 -0400
  [1m[35m (2.0ms)[0m  [1m[34mSELECT "schema_migrations"."version" FROM "schema_migrations" ORDER BY "schema_migrations"."version" ASC[0m
Processing by WelcomeController#index as HTML
  Rendering welcome/index.html.erb within layouts/application
  Rendered welcome/index.html.erb within layouts/application (45.3ms)
Completed 500 Internal Server Error in 166ms (ActiveRecord: 0.0ms)


  
ActionView::Template::Error (undefined method `each' for nil:NilClass):
    10:     <th colspan="3"></th>
    11:   </tr>
    12: 
    13:   <% @articles.each do |article| %>
    14:     <tr>
    15:       <td><%= article.title %></td>
    16:       <td><%= article.text %></td>
  
app/views/welcome/index.html.erb:13:in `_app_views_welcome_index_html_erb__2240110305305598184_70240743602500'
Started GET "/" for 127.0.0.1 at 2017-09-07 13:51:42 -0400
  [1m[35m (0.8ms)[0m  [1m[34mSELECT "schema_migrations"."version" FROM "schema_migrations" ORDER BY "schema_migrations"."version" ASC[0m
Processing by WelcomeController#index as HTML
  Rendering welcome/index.html.erb within layouts/application
  Rendered welcome/index.html.erb within layouts/application (24.0ms)
Completed 500 Internal Server Error in 143ms (ActiveRecord: 0.0ms)


  
ActionView::Template::Error (undefined method `each' for nil:NilClass):
    10:     <th colspan="3"></th>
    11:   </tr>
    12: 
    13:   <%= @articles.each do |article| %>
    14:     <tr>
    15:       <td><%= article.title %></td>
    16:       <td><%= article.text %></td>
  
app/views/welcome/index.html.erb:13:in `_app_views_welcome_index_html_erb__2904257205792893000_70093544508000'
Started PUT "/__web_console/repl_sessions/0307628fcb03ef70e96372c795ac5fac" for 127.0.0.1 at 2017-09-07 13:54:11 -0400
Started PUT "/__web_console/repl_sessions/0307628fcb03ef70e96372c795ac5fac" for 127.0.0.1 at 2017-09-07 13:54:17 -0400
Started GET "/" for 127.0.0.1 at 2017-09-07 13:55:35 -0400
Processing by WelcomeController#index as HTML
  Rendering welcome/index.html.erb within layouts/application
  [1m[36mArticle Load (0.8ms)[0m  [1m[34mSELECT "articles".* FROM "articles"[0m
  Rendered welcome/index.html.erb within layouts/application (41.9ms)
Completed 200 OK in 1730ms (Views: 1658.6ms | ActiveRecord: 3.1ms)


Started GET "/" for 127.0.0.1 at 2017-09-07 14:00:36 -0400
Processing by WelcomeController#index as HTML
  Rendering welcome/index.html.erb within layouts/application
  [1m[36mArticle Load (3.5ms)[0m  [1m[34mSELECT "articles".* FROM "articles"[0m
  Rendered welcome/index.html.erb within layouts/application (138.1ms)
Completed 200 OK in 1216ms (Views: 916.3ms | ActiveRecord: 3.5ms)


Started GET "/articles/new" for 127.0.0.1 at 2017-09-07 14:00:49 -0400
Processing by ArticlesController#new as HTML
Filter chain halted as #<Proc:0x007f7fdc3a71f0@/Users/brittencreasor/.rvm/gems/ruby-2.4.0/gems/actionpack-5.1.3/lib/action_controller/metal/http_authentication.rb:70> rendered or redirected
Completed 401 Unauthorized in 15ms (ActiveRecord: 0.0ms)


Started GET "/articles/new" for 127.0.0.1 at 2017-09-07 14:01:27 -0400
Processing by ArticlesController#new as HTML
  Rendering articles/new.html.erb within layouts/application
  Rendered articles/_form.html.erb (581.7ms)
  Rendered articles/new.html.erb within layouts/application (635.3ms)
Completed 200 OK in 1494ms (Views: 1156.9ms | ActiveRecord: 0.0ms)


Started GET "/articles" for 127.0.0.1 at 2017-09-07 14:01:36 -0400
Processing by ArticlesController#index as HTML
  Rendering articles/index.html.erb within layouts/application
  [1m[36mArticle Load (14.9ms)[0m  [1m[34mSELECT "articles".* FROM "articles"[0m
  Rendered articles/index.html.erb within layouts/application (40.9ms)
Completed 200 OK in 2004ms (Views: 1954.1ms | ActiveRecord: 14.9ms)


Started GET "/articles/1" for 127.0.0.1 at 2017-09-07 14:01:49 -0400
Processing by ArticlesController#show as HTML
  Parameters: {"id"=>"1"}
  [1m[36mArticle Load (7.3ms)[0m  [1m[34mSELECT  "articles".* FROM "articles" WHERE "articles"."id" = ? LIMIT ?[0m  [["id", 1], ["LIMIT", 1]]
  Rendering articles/show.html.erb within layouts/application
  [1m[36mComment Load (0.9ms)[0m  [1m[34mSELECT "comments".* FROM "comments" WHERE "comments"."article_id" = ?[0m  [["article_id", 1]]
  Rendered collection of templates [0 times] (0.5ms)
  Rendered comments/_form.html.erb (99.9ms)
  Rendered articles/show.html.erb within layouts/application (433.3ms)
Completed 200 OK in 1539ms (Views: 1368.2ms | ActiveRecord: 10.2ms)


